



























































DATE: 12/13/2016           GINGERICH'S MANUFACTURING                    PAGE:  1
                              MACHINE COST REPORT                               

          PART           QTY     COST (PER PART)    PART SUBTOTAL COST          


MACHINE: XL123                                                                  
                                                                                
          EN999            1           $1,000.00             $1,000.00          
          FR444            6              $32.83               $196.98          
          GR323            2              $44.96                $89.92          
          SC101          208                $.28                $58.24          

                                    MACHINE TOTAL COST:      $1,345.14          


MACHINE: SM363                                                                  
                                                                                
          EN898            1             $500.97               $500.97          
          FR444            4              $32.83               $131.32          
          GR323            1              $44.96                $44.96          

                                    MACHINE TOTAL COST:        $677.25          


MACHINE: LG333                                                                  
                                                                                
          EN898            1             $500.97               $500.97          
          FR444            4              $32.83               $131.32          
          GR323            2              $44.96                $89.92          

                                    MACHINE TOTAL COST:        $722.21          


                                   GRAND TOTAL COST:         $2,744.60          